<?xml version="1.0" encoding="UTF-8"?>
<!-- Generated by org.testng.reporters.JUnitReportReporter -->
<testsuite skipped="0" hostname="DESKTOP-HE938KB" name="testNgDemo.NewTest" tests="4" failures="0" timestamp="28 Jun 2018 19:01:04 GMT" time="0.017" errors="0">
  <testcase name="MBW" time="0.004" classname="testNgDemo.NewTest"/>
  <testcase name="Rogue" time="0.003" classname="testNgDemo.NewTest"/>
  <testcase name="Corola" time="0.008" classname="testNgDemo.NewTest"/>
  <testcase name="MDX" time="0.002" classname="testNgDemo.NewTest"/>
</testsuite> <!-- testNgDemo.NewTest -->
